Release 14.7 - ngc2edif P.20131013 (nt64)
Copyright (c) 1995-2013 Xilinx, Inc.  All rights reserved.
Reading design didact_top.ngc ...
WARNING:NetListWriters:298 - No output is written to didact_top.xncf, ignored.
Processing design ...
   Preping design's networks ...
   Preping design's macros ...
  finished :Prep
Writing EDIF netlist file didact_top.edif ...
ngc2edif: Total memory usage is 79600 kilobytes

Release 14.7 - ngc2edif P.20131013 (nt64)
Copyright (c) 1995-2013 Xilinx, Inc.  All rights reserved.
Reading design didact_top.ngc ...
WARNING:NetListWriters:298 - No output is written to didact_top.xncf, ignored.
Processing design ...
   Preping design's networks ...
   Preping design's macros ...
  finished :Prep
Writing EDIF netlist file didact_top.edif ...
ngc2edif: Total memory usage is 79920 kilobytes

Release 14.7 - ngc2edif P.20131013 (nt64)
Copyright (c) 1995-2013 Xilinx, Inc.  All rights reserved.
Reading design didact_top.ngc ...
WARNING:NetListWriters:298 - No output is written to didact_top.xncf, ignored.
Processing design ...
   Preping design's networks ...
   Preping design's macros ...
  finished :Prep
Writing EDIF netlist file didact_top.edif ...
ngc2edif: Total memory usage is 79408 kilobytes

Release 14.7 - ngc2edif P.20131013 (nt64)
Copyright (c) 1995-2013 Xilinx, Inc.  All rights reserved.
Reading design didact_top.ngc ...
WARNING:NetListWriters:298 - No output is written to didact_top.xncf, ignored.
Processing design ...
   Preping design's networks ...
   Preping design's macros ...
  finished :Prep
Writing EDIF netlist file didact_top.edif ...
ngc2edif: Total memory usage is 80112 kilobytes

