INFO:sim:172 - Generating IP...
Applying current project options...
Finished applying current project options.
WARNING:sim - A core named 'dcm1' already exists in the project. Output products
   for this core may be overwritten.
Resolving generics for 'dcm1'...
WARNING:sim - A core named 'dcm1' already exists in the project. Output products
   for this core may be overwritten.
Applying external generics to 'dcm1'...
Delivering associated files for 'dcm1'...
WARNING:sim - Component clk_wiz_v3_6 does not have a valid model name for VHDL
   synthesis
Delivering EJava files for 'dcm1'...
Delivered 3 files into directory G:/Detecteurquence/ipcore_dir/tmp/_cg/dcm1
Delivered 1 file into directory G:/Detecteurquence/ipcore_dir/tmp/_cg/dcm1
Generating ASY schematic symbol...
Loading device for application Rf_Device from file '6slx16.nph' in environment
D:\14.7\ISE_DS\ISE\.
INFO:sim:949 - Finished generation of ASY schematic symbol.
Generating SYM schematic symbol for 'dcm1'...
Generating ISE project...
XCO file found: dcm1.xco
XMDF file found: dcm1_xmdf.tcl
Adding G:/Detecteurquence/ipcore_dir/tmp/_cg/dcm1.asy -view all -origin_type
imported
Adding G:/Detecteurquence/ipcore_dir/tmp/_cg/dcm1.ucf -view all -origin_type
created
Adding G:/Detecteurquence/ipcore_dir/tmp/_cg/dcm1.vhd -view all -origin_type
created
INFO:HDLCompiler:1061 - Parsing VHDL file
   "G:/Detecteurquence/ipcore_dir/tmp/_cg/dcm1.vhd" into library work
INFO:ProjectMgmt - Parsing design hierarchy completed successfully.
Adding G:/Detecteurquence/ipcore_dir/tmp/_cg/dcm1.vho -view all -origin_type
imported
INFO:TclTasksC:2116 - The automatic calculation of top has been turned-off.
   Please set the new top explicitly by running the "project set top" command.
   To re-calculate the new top automatically, set the "Auto Implementation Top"
   property to true.
Top level has been set to "/dcm1"
Generating README file...
Generating FLIST file...
INFO:sim:948 - Finished FLIST file generation.
Launching README viewer...
Moving files to output directory...
Finished moving files to output directory
Wrote CGP file for project 'dcm1'.
